Using pre-set license
Built from '2021.3/staging' branch; Version is '2021.3.26f1 (a16dc32e0ff2) revision 10579395'; Using compiler version '192829333'; Build Type 'Release'
OS: 'Windows 11  (10.0.22621) 64bit Professional' Language: 'ko' Physical Memory: 32693 MB
BatchMode: 1, IsHumanControllingUs: 0, StartBugReporterOnCrash: 0, Is64bit: 1, IsPro: 1

COMMAND LINE ARGUMENTS:
C:\Program Files\Unity\Hub\Editor\2021.3.26f1\Editor\Unity.exe
-adb2
-batchMode
-noUpm
-name
AssetImportWorker2
-projectPath
E:/Assasin
-logFile
Logs/AssetImportWorker2.log
-srvPort
14217
Successfully changed project path to: E:/Assasin
E:/Assasin
[UnityMemory] Configuration Parameters - Can be set up in boot.config
    "memorysetup-bucket-allocator-granularity=16"
    "memorysetup-bucket-allocator-bucket-count=8"
    "memorysetup-bucket-allocator-block-size=33554432"
    "memorysetup-bucket-allocator-block-count=8"
    "memorysetup-main-allocator-block-size=16777216"
    "memorysetup-thread-allocator-block-size=16777216"
    "memorysetup-gfx-main-allocator-block-size=16777216"
    "memorysetup-gfx-thread-allocator-block-size=16777216"
    "memorysetup-cache-allocator-block-size=4194304"
    "memorysetup-typetree-allocator-block-size=2097152"
    "memorysetup-profiler-bucket-allocator-granularity=16"
    "memorysetup-profiler-bucket-allocator-bucket-count=8"
    "memorysetup-profiler-bucket-allocator-block-size=33554432"
    "memorysetup-profiler-bucket-allocator-block-count=8"
    "memorysetup-profiler-allocator-block-size=16777216"
    "memorysetup-profiler-editor-allocator-block-size=1048576"
    "memorysetup-temp-allocator-size-main=16777216"
    "memorysetup-job-temp-allocator-block-size=2097152"
    "memorysetup-job-temp-allocator-block-size-background=1048576"
    "memorysetup-job-temp-allocator-reduction-small-platforms=262144"
    "memorysetup-temp-allocator-size-background-worker=32768"
    "memorysetup-temp-allocator-size-job-worker=262144"
    "memorysetup-temp-allocator-size-preload-manager=33554432"
    "memorysetup-temp-allocator-size-nav-mesh-worker=65536"
    "memorysetup-temp-allocator-size-audio-worker=65536"
    "memorysetup-temp-allocator-size-cloud-worker=32768"
    "memorysetup-temp-allocator-size-gi-baking-worker=262144"
    "memorysetup-temp-allocator-size-gfx=262144"
Player connection [40372] Host "[IP] 192.168.75.1 [Port] 0 [Flags] 2 [Guid] 2214480879 [EditorId] 2214480879 [Version] 1048832 [Id] WindowsEditor(7,DESKTOP-QLVVRTK) [Debug] 1 [PackageName] WindowsEditor [ProjectName] Editor" joined multi-casting on [225.0.0.222:54997]...

Player connection [40372] Host "[IP] 192.168.75.1 [Port] 0 [Flags] 2 [Guid] 2214480879 [EditorId] 2214480879 [Version] 1048832 [Id] WindowsEditor(7,DESKTOP-QLVVRTK) [Debug] 1 [PackageName] WindowsEditor [ProjectName] Editor" joined alternative multi-casting on [225.0.0.222:34997]...

Refreshing native plugins compatible for Editor in 64.76 ms, found 3 plugins.
Preloading 0 native plugins for Editor in 0.00 ms.
Initialize engine version: 2021.3.26f1 (a16dc32e0ff2)
[Subsystems] Discovering subsystems at path C:/Program Files/Unity/Hub/Editor/2021.3.26f1/Editor/Data/Resources/UnitySubsystems
[Subsystems] Discovering subsystems at path E:/Assasin/Assets
GfxDevice: creating device client; threaded=0; jobified=0
Direct3D:
    Version:  Direct3D 11.0 [level 11.1]
    Renderer: NVIDIA GeForce RTX 3080 (ID=0x2206)
    Vendor:   NVIDIA
    VRAM:     10067 MB
    Driver:   31.0.15.3699
Initialize mono
Mono path[0] = 'C:/Program Files/Unity/Hub/Editor/2021.3.26f1/Editor/Data/Managed'
Mono path[1] = 'C:/Program Files/Unity/Hub/Editor/2021.3.26f1/Editor/Data/MonoBleedingEdge/lib/mono/unityjit-win32'
Mono config path = 'C:/Program Files/Unity/Hub/Editor/2021.3.26f1/Editor/Data/MonoBleedingEdge/etc'
Using monoOptions --debugger-agent=transport=dt_socket,embedding=1,server=y,suspend=n,address=127.0.0.1:56832
Begin MonoManager ReloadAssembly
Registering precompiled unity dll's ...
Register platform support module: C:/Program Files/Unity/Hub/Editor/2021.3.26f1/Editor/Data/PlaybackEngines/WebGLSupport/UnityEditor.WebGL.Extensions.dll
Register platform support module: C:/Program Files/Unity/Hub/Editor/2021.3.26f1/Editor/Data/PlaybackEngines/AndroidPlayer/UnityEditor.Android.Extensions.dll
Register platform support module: C:/Program Files/Unity/Hub/Editor/2021.3.26f1/Editor/Data/PlaybackEngines/WindowsStandaloneSupport/UnityEditor.WindowsStandalone.Extensions.dll
Registered in 0.004839 seconds.
Native extension for WindowsStandalone target not found
Native extension for Android target not found
Android Extension - Scanning For ADB Devices 289 ms
Native extension for WebGL target not found
Refreshing native plugins compatible for Editor in 61.54 ms, found 3 plugins.
Preloading 0 native plugins for Editor in 0.00 ms.
Mono: successfully reloaded assembly
- Completed reload, in  0.831 seconds
Domain Reload Profiling:
	ReloadAssembly (832ms)
		BeginReloadAssembly (68ms)
			ExecutionOrderSort (0ms)
			DisableScriptedObjects (0ms)
			BackupInstance (0ms)
			ReleaseScriptingObjects (0ms)
			CreateAndSetChildDomain (1ms)
		EndReloadAssembly (683ms)
			LoadAssemblies (67ms)
			RebuildTransferFunctionScriptingTraits (0ms)
			SetupTypeCache (80ms)
			ReleaseScriptCaches (0ms)
			RebuildScriptCaches (24ms)
			SetupLoadedEditorAssemblies (538ms)
				LogAssemblyErrors (0ms)
				InitializePlatformSupportModulesInManaged (361ms)
				SetLoadedEditorAssemblies (0ms)
				RefreshPlugins (62ms)
				BeforeProcessingInitializeOnLoad (1ms)
				ProcessInitializeOnLoadAttributes (78ms)
				ProcessInitializeOnLoadMethodAttributes (36ms)
				AfterProcessingInitializeOnLoad (0ms)
				EditorAssembliesLoaded (0ms)
			ExecutionOrderSort2 (0ms)
			AwakeInstancesAfterBackupRestoration (0ms)
Platform modules already initialized, skipping
Registering precompiled user dll's ...
Registered in 0.002767 seconds.
Begin MonoManager ReloadAssembly
Symbol file LoadedFromMemory doesn't match image E:\Assasin\Library\PackageCache\com.unity.visualscripting@1.8.0\Editor\VisualScripting.Core\Dependencies\YamlDotNet\Unity.VisualScripting.YamlDotNet.dll
Symbol file LoadedFromMemory doesn't match image E:\Assasin\Library\PackageCache\com.unity.visualscripting@1.8.0\Editor\VisualScripting.Core\Dependencies\DotNetZip\Unity.VisualScripting.IonicZip.dll
Native extension for WindowsStandalone target not found
Native extension for Android target not found
Native extension for WebGL target not found
Refreshing native plugins compatible for Editor in 0.59 ms, found 3 plugins.
Preloading 0 native plugins for Editor in 0.00 ms.
Mono: successfully reloaded assembly
- Completed reload, in  0.836 seconds
Domain Reload Profiling:
	ReloadAssembly (837ms)
		BeginReloadAssembly (98ms)
			ExecutionOrderSort (0ms)
			DisableScriptedObjects (5ms)
			BackupInstance (0ms)
			ReleaseScriptingObjects (0ms)
			CreateAndSetChildDomain (18ms)
		EndReloadAssembly (660ms)
			LoadAssemblies (76ms)
			RebuildTransferFunctionScriptingTraits (0ms)
			SetupTypeCache (206ms)
			ReleaseScriptCaches (0ms)
			RebuildScriptCaches (43ms)
			SetupLoadedEditorAssemblies (305ms)
				LogAssemblyErrors (0ms)
				InitializePlatformSupportModulesInManaged (19ms)
				SetLoadedEditorAssemblies (0ms)
				RefreshPlugins (1ms)
				BeforeProcessingInitializeOnLoad (63ms)
				ProcessInitializeOnLoadAttributes (199ms)
				ProcessInitializeOnLoadMethodAttributes (15ms)
				AfterProcessingInitializeOnLoad (6ms)
				EditorAssembliesLoaded (0ms)
			ExecutionOrderSort2 (0ms)
			AwakeInstancesAfterBackupRestoration (5ms)
Platform modules already initialized, skipping
========================================================================
Worker process is ready to serve import requests
Launched and connected shader compiler UnityShaderCompiler.exe after 0.07 seconds
Refreshing native plugins compatible for Editor in 0.65 ms, found 3 plugins.
Preloading 0 native plugins for Editor in 0.00 ms.
Unloading 3222 Unused Serialized files (Serialized files now loaded: 0)
Unloading 34 unused Assets / (1.5 MB). Loaded Objects now: 3701.
Memory consumption went from 215.4 MB to 213.9 MB.
Total: 3.184300 ms (FindLiveObjects: 0.222000 ms CreateObjectMapping: 0.123200 ms MarkObjects: 2.395900 ms  DeleteObjects: 0.442300 ms)

AssetImportParameters requested are different than current active one (requested -> active):
  custom:video-decoder-ogg-theora: a1e56fd34408186e4bbccfd4996cb3dc -> 
  custom:container-muxer-webm: aa71ff27fc2769a1b78a27578f13a17b -> 
  custom:container-demuxer-webm: 4f35f7cbe854078d1ac9338744f61a02 -> 
  custom:video-encoder-webm-vp8: eb34c28f22e8b96e1ab97ce403110664 -> 
  custom:audio-encoder-webm-vorbis: bf7c407c2cedff20999df2af8eb42d56 -> 
  custom:framework-win-MediaFoundation: 216162199b28c13a410421893ffa2e32 -> 
  custom:container-demuxer-ogg: 62fdf1f143b41e24485cea50d1cbac27 -> 
  custom:video-decoder-webm-vp8: 9c59270c3fd7afecdb556c50c9e8de78 -> 
  custom:audio-decoder-ogg-vorbis: bf7c407c2cedff20999df2af8eb42d56 -> 
========================================================================
Received Import Request.
  Time since last request: 446198.409065 seconds.
  path: Assets/Player Model/Rifles/Heavy Cavalry Sword
  artifactKey: Guid(6e5ac572dfc4fa14f90648e3a526e78c) Importer(815301076,1909f56bfc062723c751e8b465ee728b)
Start importing Assets/Player Model/Rifles/Heavy Cavalry Sword using Guid(6e5ac572dfc4fa14f90648e3a526e78c) Importer(815301076,1909f56bfc062723c751e8b465ee728b)  -> (artifact id: 'e194377203d6ac992447ddef4414d756') in 0.011638 seconds 
========================================================================
Received Import Request.
  Time since last request: 1.046580 seconds.
  path: Assets/Player Model/Rifles/Heavy Cavalry Sword/_fixed_CR_W_HeavyCavalrySword_LOD0.obj
  artifactKey: Guid(3e8e276ffe0e40d4686bff108ab01b8d) Importer(815301076,1909f56bfc062723c751e8b465ee728b)
Start importing Assets/Player Model/Rifles/Heavy Cavalry Sword/_fixed_CR_W_HeavyCavalrySword_LOD0.obj using Guid(3e8e276ffe0e40d4686bff108ab01b8d) Importer(815301076,1909f56bfc062723c751e8b465ee728b)  -> (artifact id: '298c07799651cdccbed4b09f0eb1949d') in 0.149450 seconds 
========================================================================
Received Import Request.
  Time since last request: 30.928071 seconds.
  path: Assets/Player Model/Animations/SwordAttack/Humanoid@2HitComboA1hMelee.fbx
  artifactKey: Guid(3537c465cae877a4db9887264514265a) Importer(815301076,1909f56bfc062723c751e8b465ee728b)
Start importing Assets/Player Model/Animations/SwordAttack/Humanoid@2HitComboA1hMelee.fbx using Guid(3537c465cae877a4db9887264514265a) Importer(815301076,1909f56bfc062723c751e8b465ee728b)  -> (artifact id: 'dcaccb15bafe9bb69b34daf6c0981e6d') in 0.009376 seconds 
========================================================================
Received Import Request.
  Time since last request: 19.659814 seconds.
  path: Assets/Player Model/Animations/SwordAttack/Humanoid@3HitComboAForward1hMelee.fbx
  artifactKey: Guid(368ef61eb39f00342b3c58a84935ed51) Importer(815301076,1909f56bfc062723c751e8b465ee728b)
Start importing Assets/Player Model/Animations/SwordAttack/Humanoid@3HitComboAForward1hMelee.fbx using Guid(368ef61eb39f00342b3c58a84935ed51) Importer(815301076,1909f56bfc062723c751e8b465ee728b)  -> (artifact id: '37c97562af0b1f40e6832f11b173c4d4') in 0.006298 seconds 
========================================================================
Received Import Request.
  Time since last request: 0.000016 seconds.
  path: Assets/Player Model/Animations/SwordAttack/Humanoid@WalkForwardCombat1hMelee.fbx
  artifactKey: Guid(79eac1cafffe02a47bcf03f20d52750f) Importer(815301076,1909f56bfc062723c751e8b465ee728b)
Start importing Assets/Player Model/Animations/SwordAttack/Humanoid@WalkForwardCombat1hMelee.fbx using Guid(79eac1cafffe02a47bcf03f20d52750f) Importer(815301076,1909f56bfc062723c751e8b465ee728b)  -> (artifact id: 'f8c42f4c755aba16ffaa130e38b6c2ec') in 0.004360 seconds 
========================================================================
Received Import Request.
  Time since last request: 0.000018 seconds.
  path: Assets/Player Model/Animations/SwordAttack/Humanoid@RunForward1hMelee.fbx
  artifactKey: Guid(1f7b83ee73c8c7d4fb804024da741812) Importer(815301076,1909f56bfc062723c751e8b465ee728b)
Start importing Assets/Player Model/Animations/SwordAttack/Humanoid@RunForward1hMelee.fbx using Guid(1f7b83ee73c8c7d4fb804024da741812) Importer(815301076,1909f56bfc062723c751e8b465ee728b)  -> (artifact id: 'c55a7f43f3cd3813c8838aca194bd750') in 0.004571 seconds 
========================================================================
Received Import Request.
  Time since last request: 52.130992 seconds.
  path: Assets/Player Model/Animations/SwordAttack/Humanoid@2HitComboA1hMelee.fbx
  artifactKey: Guid(3537c465cae877a4db9887264514265a) Importer(815301076,1909f56bfc062723c751e8b465ee728b)
Start importing Assets/Player Model/Animations/SwordAttack/Humanoid@2HitComboA1hMelee.fbx using Guid(3537c465cae877a4db9887264514265a) Importer(815301076,1909f56bfc062723c751e8b465ee728b)  -> (artifact id: '1f6527288c3aa9c003c7131fb248d0ff') in 0.004609 seconds 
========================================================================
Received Import Request.
  Time since last request: 24.149827 seconds.
  path: Assets/Player Model/Animations/SwordAttack/Humanoid@3HitComboAForward1hMelee.fbx
  artifactKey: Guid(368ef61eb39f00342b3c58a84935ed51) Importer(815301076,1909f56bfc062723c751e8b465ee728b)
Start importing Assets/Player Model/Animations/SwordAttack/Humanoid@3HitComboAForward1hMelee.fbx using Guid(368ef61eb39f00342b3c58a84935ed51) Importer(815301076,1909f56bfc062723c751e8b465ee728b)  -> (artifact id: '2c2cbf8e4de470d15c097619756d7154') in 0.004784 seconds 
========================================================================
Received Import Request.
  Time since last request: 13.341353 seconds.
  path: Assets/Player Model/Animations/SwordAttack/Humanoid@AttackA1hMelee.fbx
  artifactKey: Guid(0f504716f84eb1746914ff4907e2bc0c) Importer(815301076,1909f56bfc062723c751e8b465ee728b)
Start importing Assets/Player Model/Animations/SwordAttack/Humanoid@AttackA1hMelee.fbx using Guid(0f504716f84eb1746914ff4907e2bc0c) Importer(815301076,1909f56bfc062723c751e8b465ee728b)  -> (artifact id: '106ef89c63a16c1dbebff50d8ef67692') in 0.004967 seconds 
========================================================================
Received Import Request.
  Time since last request: 7.347973 seconds.
  path: Assets/Player Model/Animations/SwordAttack/Humanoid@AttackB1hMelee.fbx
  artifactKey: Guid(1c854c50c95ceba4bb769cc8fbfbfc8a) Importer(815301076,1909f56bfc062723c751e8b465ee728b)
Start importing Assets/Player Model/Animations/SwordAttack/Humanoid@AttackB1hMelee.fbx using Guid(1c854c50c95ceba4bb769cc8fbfbfc8a) Importer(815301076,1909f56bfc062723c751e8b465ee728b)  -> (artifact id: '8844526077e359fa19494cf845a8c657') in 0.004821 seconds 
========================================================================
Received Import Request.
  Time since last request: 22.560070 seconds.
  path: Assets/Player Model/Animations/SwordAttack/Humanoid@AttackCForward1hMelee_RM.fbx
  artifactKey: Guid(c94139117a5b6e9408ed893ba4c4f990) Importer(815301076,1909f56bfc062723c751e8b465ee728b)
Start importing Assets/Player Model/Animations/SwordAttack/Humanoid@AttackCForward1hMelee_RM.fbx using Guid(c94139117a5b6e9408ed893ba4c4f990) Importer(815301076,1909f56bfc062723c751e8b465ee728b)  -> (artifact id: 'eef03bcdfd08a6ed45ac889f0907724c') in 0.004709 seconds 
========================================================================
Received Import Request.
  Time since last request: 41.819459 seconds.
  path: Assets/Player Model/Animations/SwordAttack/Humanoid@IdleCombat1hMelee.fbx
  artifactKey: Guid(714f44b8ad1d13649a2daf0d45d7246d) Importer(815301076,1909f56bfc062723c751e8b465ee728b)
Start importing Assets/Player Model/Animations/SwordAttack/Humanoid@IdleCombat1hMelee.fbx using Guid(714f44b8ad1d13649a2daf0d45d7246d) Importer(815301076,1909f56bfc062723c751e8b465ee728b)  -> (artifact id: '6179a4e6a3d621fd2691c3980e279d63') in 0.005651 seconds 
========================================================================
Received Import Request.
  Time since last request: 19.393795 seconds.
  path: Assets/Player Model/Animations/SwordAttack/Humanoid@RunForward1hMelee.fbx
  artifactKey: Guid(1f7b83ee73c8c7d4fb804024da741812) Importer(815301076,1909f56bfc062723c751e8b465ee728b)
Start importing Assets/Player Model/Animations/SwordAttack/Humanoid@RunForward1hMelee.fbx using Guid(1f7b83ee73c8c7d4fb804024da741812) Importer(815301076,1909f56bfc062723c751e8b465ee728b)  -> (artifact id: '3cf3150fa466a5ad6b27c9d023f2128a') in 0.004319 seconds 
========================================================================
Received Import Request.
  Time since last request: 9.564954 seconds.
  path: Assets/Player Model/Animations/SwordAttack/Humanoid@WalkForwardCombat1hMelee.fbx
  artifactKey: Guid(79eac1cafffe02a47bcf03f20d52750f) Importer(815301076,1909f56bfc062723c751e8b465ee728b)
Start importing Assets/Player Model/Animations/SwordAttack/Humanoid@WalkForwardCombat1hMelee.fbx using Guid(79eac1cafffe02a47bcf03f20d52750f) Importer(815301076,1909f56bfc062723c751e8b465ee728b)  -> (artifact id: 'b85cb74aaee44188641e75fbe63ff818') in 0.004497 seconds 
========================================================================
Received Import Request.
  Time since last request: 16.313755 seconds.
  path: Assets/Player Model/Animations/PlayerController.controller
  artifactKey: Guid(718c7feb3f9d99e42b479cf33a7b7a46) Importer(815301076,1909f56bfc062723c751e8b465ee728b)
Start importing Assets/Player Model/Animations/PlayerController.controller using Guid(718c7feb3f9d99e42b479cf33a7b7a46) Importer(815301076,1909f56bfc062723c751e8b465ee728b)  -> (artifact id: '89b12cbdb94bb75396fd534e17334e7f') in 0.021521 seconds 
========================================================================
Received Import Request.
  Time since last request: 278.741859 seconds.
  path: Assets/Player Model/Animations/PlayerController.controller
  artifactKey: Guid(718c7feb3f9d99e42b479cf33a7b7a46) Importer(815301076,1909f56bfc062723c751e8b465ee728b)
Start importing Assets/Player Model/Animations/PlayerController.controller using Guid(718c7feb3f9d99e42b479cf33a7b7a46) Importer(815301076,1909f56bfc062723c751e8b465ee728b)  -> (artifact id: '55ed616f51add34b36e285f43ccf7fc3') in 0.013862 seconds 
========================================================================
Received Import Request.
  Time since last request: 61.256999 seconds.
  path: Assets/Player Model/Animations/PlayerController.controller
  artifactKey: Guid(718c7feb3f9d99e42b479cf33a7b7a46) Importer(815301076,1909f56bfc062723c751e8b465ee728b)
Start importing Assets/Player Model/Animations/PlayerController.controller using Guid(718c7feb3f9d99e42b479cf33a7b7a46) Importer(815301076,1909f56bfc062723c751e8b465ee728b)  -> (artifact id: '091a242494213b489f6ef0a158217962') in 0.014794 seconds 
========================================================================
Received Import Request.
  Time since last request: 90.956641 seconds.
  path: Assets/Player Model/Animations/PlayerController.controller
  artifactKey: Guid(718c7feb3f9d99e42b479cf33a7b7a46) Importer(815301076,1909f56bfc062723c751e8b465ee728b)
Start importing Assets/Player Model/Animations/PlayerController.controller using Guid(718c7feb3f9d99e42b479cf33a7b7a46) Importer(815301076,1909f56bfc062723c751e8b465ee728b)  -> (artifact id: 'acf31518edace474d81f0599c162f919') in 0.015773 seconds 
========================================================================
Received Import Request.
  Time since last request: 39.081130 seconds.
  path: Assets/Player Model/Animations/PlayerController.controller
  artifactKey: Guid(718c7feb3f9d99e42b479cf33a7b7a46) Importer(815301076,1909f56bfc062723c751e8b465ee728b)
Start importing Assets/Player Model/Animations/PlayerController.controller using Guid(718c7feb3f9d99e42b479cf33a7b7a46) Importer(815301076,1909f56bfc062723c751e8b465ee728b)  -> (artifact id: 'af89221e849ab94a6f8c2ce57348377c') in 0.016967 seconds 
